<?xml version="1.0" encoding="UTF-8"?>
<!-- Generated by org.testng.reporters.JUnitXMLReporter -->
<testsuite ignored="0" hostname="Raeder" failures="0" tests="4" name="TC Clientes" time="62.438" errors="0" timestamp="2025-12-13T23:33:42 CET">
  <testcase classname="SPB.casosPrueba.TC_Clientes" name="tc_CompraProducto" time="21.474"/>
  <testcase classname="SPB.casosPrueba.TC_Clientes" name="tc_CompraProducto" time="21.082"/>
  <testcase classname="SPB.casosPrueba.TC_Clientes" name="tc_HistorialPedidos" time="0.998"/>
  <testcase classname="SPB.casosPrueba.TC_Clientes" name="tc_HistorialPedidos" time="0.963"/>
</testsuite> <!-- TC Clientes -->
