<?xml version="1.0" encoding="UTF-8"?>
<!-- Generated by org.testng.reporters.JUnitXMLReporter -->
<testsuite ignored="0" hostname="Raeder" failures="1" tests="4" name="TC Errores" time="44.573" errors="0" timestamp="2025-12-13T23:33:24 CET">
  <testcase classname="SPB.casosPrueba.TC_Errores" name="tc_CarritoError" time="20.527"/>
  <testcase classname="SPB.casosPrueba.TC_Errores" name="tc_LoginError" time="1.132">
    <skipped/>
  </testcase> <!-- tc_LoginError -->
  <testcase classname="SPB.casosPrueba.TC_Errores" name="tc_LoginError" time="1.077">
    <skipped/>
  </testcase> <!-- tc_LoginError -->
  <testcase classname="SPB.casosPrueba.TC_Errores" name="tc_LoginError" time="1.084">
    <failure type="java.lang.AssertionError" message="expected [true] but found [false]">
      <![CDATA[java.lang.AssertionError: expected [true] but found [false]
at SPB.casosPrueba.TC_Errores.tc_LoginError(TC_Errores.java:18)
at java.base/java.util.ArrayList.forEach(ArrayList.java:1604)
at java.base/java.util.concurrent.FutureTask.run(FutureTask.java:328)
at java.base/java.util.concurrent.ThreadPoolExecutor.runWorker(ThreadPoolExecutor.java:1090)
at java.base/java.util.concurrent.ThreadPoolExecutor$Worker.run(ThreadPoolExecutor.java:614)
at java.base/java.lang.Thread.run(Thread.java:1474)
... Removed 19 stack frames]]>
    </failure>
  </testcase> <!-- tc_LoginError -->
</testsuite> <!-- TC Errores -->
