<?xml version="1.0" encoding="UTF-8"?>
<!-- Generated by org.testng.reporters.JUnitXMLReporter -->
<testsuite ignored="0" hostname="Raeder" failures="0" tests="4" name="TC Clientes" time="58.737" errors="0" timestamp="2025-12-14T14:15:36 CET">
  <testcase classname="SPB.casosPrueba.TC_Clientes" name="tc_CompraProducto" time="21.568"/>
  <testcase classname="SPB.casosPrueba.TC_Clientes" name="tc_CompraProducto" time="13.553"/>
  <testcase classname="SPB.casosPrueba.TC_Clientes" name="tc_HistorialPedidos" time="1.173"/>
  <testcase classname="SPB.casosPrueba.TC_Clientes" name="tc_HistorialPedidos" time="1.133"/>
</testsuite> <!-- TC Clientes -->
