<?xml version="1.0" encoding="UTF-8"?>
<testsuite xmlns:xsi="http://www.w3.org/2001/XMLSchema-instance" xsi:noNamespaceSchemaLocation="https://maven.apache.org/surefire/maven-surefire-plugin/xsd/surefire-test-report.xsd" version="3.0.2" name="TestSuite" time="59.489" tests="6" errors="0" skipped="0" failures="0">
  <properties>
[...]
</properties>
  <testcase name="tc_CarritoError" classname="SPB.casosPrueba.TC_Errores" time="20.437">
    <system-err><![CDATA[SLF4J(W): No SLF4J providers were found.
SLF4J(W): Defaulting to no-operation (NOP) logger implementation
SLF4J(W): See https://www.slf4j.org/codes.html#noProviders for further details.
]]></system-err>
  </testcase>
  <testcase name="tc_LoginError" classname="SPB.casosPrueba.TC_Errores" time="0.249"/>
  <testcase name="tc_CompraProducto[{login=elquartojinetee@hotmail.com, password=Seleniumpass1, nombreProducto=ADIDAS ORIGINAL}](1)" classname="SPB.casosPrueba.TC_Clientes" time="21.137"/>
  <testcase name="tc_CompraProducto[{login=elquartojinetee@hotmail.com, password=Seleniumpass1, nombreProducto=ADIDAS ORIGINAL}](2)" classname="SPB.casosPrueba.TC_Clientes" time="13.554"/>
  <testcase name="tc_HistorialPedidos[{login=elquartojinetee@hotmail.com, password=Seleniumpass1, nombreProducto=ADIDAS ORIGINAL}](1)" classname="SPB.casosPrueba.TC_Clientes" time="1.172"/>
  <testcase name="tc_HistorialPedidos[{login=elquartojinetee@hotmail.com, password=Seleniumpass1, nombreProducto=ADIDAS ORIGINAL}](2)" classname="SPB.casosPrueba.TC_Clientes" time="1.133"/>
</testsuite>