<?xml version="1.0" encoding="UTF-8"?>
<!-- Generated by org.testng.reporters.JUnitReportReporter -->
<testsuite hostname="Raeder" failures="0" tests="4" name="SPB.casosPrueba.TC_Clientes" time="62.243" errors="0" timestamp="2025-12-13T23:33:42 CET" skipped="0">
  <testcase classname="SPB.casosPrueba.TC_Clientes" name="tc_HistorialPedidos" time="6.882"/>
  <testcase classname="SPB.casosPrueba.TC_Clientes" name="tc_CompraProducto" time="25.000"/>
  <testcase classname="SPB.casosPrueba.TC_Clientes" name="tc_CompraProducto" time="25.422"/>
  <testcase classname="SPB.casosPrueba.TC_Clientes" name="tc_HistorialPedidos" time="4.939"/>
</testsuite> <!-- SPB.casosPrueba.TC_Clientes -->
