<?xml version="1.0" encoding="UTF-8"?>
<!-- Generated by org.testng.reporters.JUnitReportReporter -->
<testsuite hostname="Raeder" failures="0" tests="4" name="SPB.casosPrueba.TC_Clientes" time="58.493" errors="0" timestamp="2025-12-14T14:15:36 CET" skipped="0">
  <testcase classname="SPB.casosPrueba.TC_Clientes" name="tc_HistorialPedidos" time="5.821"/>
  <testcase classname="SPB.casosPrueba.TC_Clientes" name="tc_HistorialPedidos" time="5.612"/>
  <testcase classname="SPB.casosPrueba.TC_Clientes" name="tc_CompraProducto" time="29.588"/>
  <testcase classname="SPB.casosPrueba.TC_Clientes" name="tc_CompraProducto" time="17.472"/>
</testsuite> <!-- SPB.casosPrueba.TC_Clientes -->
